<?xml version="1.0" encoding="UTF-8"?>
<!-- Generated by org.testng.reporters.JUnitReportReporter -->
<testsuite skipped="0" hostname="DESKTOP-UVENGDO" name="Tests.TringleTest" tests="68" failures="0" timestamp="22 ноя 2017 14:27:53 GMT" time="0.069" errors="0">
  <testcase name="testAnalyse" time="0.000" classname="Tests.TringleTest"/>
  <testcase name="testAnalyse" time="0.000" classname="Tests.TringleTest"/>
  <testcase name="testAnalyse" time="0.035" classname="Tests.TringleTest"/>
  <testcase name="testAnalyse" time="0.000" classname="Tests.TringleTest"/>
  <testcase name="testAnalyse" time="0.000" classname="Tests.TringleTest"/>
  <testcase name="testAnalyse" time="0.000" classname="Tests.TringleTest"/>
  <testcase name="testForTwoSides" time="0.000" classname="Tests.TringleTest"/>
  <testcase name="testAnalyse" time="0.001" classname="Tests.TringleTest"/>
  <testcase name="testAnalyse" time="0.000" classname="Tests.TringleTest"/>
  <testcase name="testAnalyse" time="0.000" classname="Tests.TringleTest"/>
  <testcase name="testAnalyse" time="0.000" classname="Tests.TringleTest"/>
  <testcase name="testAnalyse" time="0.000" classname="Tests.TringleTest"/>
  <testcase name="testAnalyse" time="0.000" classname="Tests.TringleTest"/>
  <testcase name="testAnalyse" time="0.000" classname="Tests.TringleTest"/>
  <testcase name="testAnalyse" time="0.000" classname="Tests.TringleTest"/>
  <testcase name="testAnalyse" time="0.000" classname="Tests.TringleTest"/>
  <testcase name="testAnalyse" time="0.000" classname="Tests.TringleTest"/>
  <testcase name="testAnalyse" time="0.000" classname="Tests.TringleTest"/>
  <testcase name="testAnalyse" time="0.000" classname="Tests.TringleTest"/>
  <testcase name="testAnalyse" time="0.000" classname="Tests.TringleTest"/>
  <testcase name="testAnalyse" time="0.000" classname="Tests.TringleTest"/>
  <testcase name="testAnalyse" time="0.000" classname="Tests.TringleTest"/>
  <testcase name="testAnalyse" time="0.000" classname="Tests.TringleTest"/>
  <testcase name="testAnalyse" time="0.000" classname="Tests.TringleTest"/>
  <testcase name="testAnalyse" time="0.000" classname="Tests.TringleTest"/>
  <testcase name="testAnalyse" time="0.000" classname="Tests.TringleTest"/>
  <testcase name="testAnalyse" time="0.000" classname="Tests.TringleTest"/>
  <testcase name="testAnalyse" time="0.000" classname="Tests.TringleTest"/>
  <testcase name="testAnalyse" time="0.000" classname="Tests.TringleTest"/>
  <testcase name="testAnalyse" time="0.000" classname="Tests.TringleTest"/>
  <testcase name="testAnalyse" time="0.000" classname="Tests.TringleTest"/>
  <testcase name="testAnalyse" time="0.000" classname="Tests.TringleTest"/>
  <testcase name="testAnalyse" time="0.000" classname="Tests.TringleTest"/>
  <testcase name="testAnalyse" time="0.000" classname="Tests.TringleTest"/>
  <testcase name="testAnalyse" time="0.015" classname="Tests.TringleTest"/>
  <testcase name="testAnalyse" time="0.000" classname="Tests.TringleTest"/>
  <testcase name="testForTwoSides" time="0.000" classname="Tests.TringleTest"/>
  <testcase name="testAnalyse" time="0.000" classname="Tests.TringleTest"/>
  <testcase name="testAnalyse" time="0.000" classname="Tests.TringleTest"/>
  <testcase name="testAnalyse" time="0.000" classname="Tests.TringleTest"/>
  <testcase name="testAnalyse" time="0.000" classname="Tests.TringleTest"/>
  <testcase name="testAnalyse" time="0.000" classname="Tests.TringleTest"/>
  <testcase name="testAnalyse" time="0.016" classname="Tests.TringleTest"/>
  <testcase name="testNotEqual" time="0.001" classname="Tests.TringleTest"/>
  <testcase name="testAnalyse" time="0.000" classname="Tests.TringleTest"/>
  <testcase name="testAnalyse" time="0.000" classname="Tests.TringleTest"/>
  <testcase name="testAnalyse" time="0.000" classname="Tests.TringleTest"/>
  <testcase name="testAnalyse" time="0.000" classname="Tests.TringleTest"/>
  <testcase name="testAnalyse" time="0.000" classname="Tests.TringleTest"/>
  <testcase name="testAnalyse" time="0.000" classname="Tests.TringleTest"/>
  <testcase name="testAnalyse" time="0.000" classname="Tests.TringleTest"/>
  <testcase name="testAnalyse" time="0.000" classname="Tests.TringleTest"/>
  <testcase name="testAnalyse" time="0.000" classname="Tests.TringleTest"/>
  <testcase name="testAnalyse" time="0.000" classname="Tests.TringleTest"/>
  <testcase name="testAnalyse" time="0.000" classname="Tests.TringleTest"/>
  <testcase name="testAnalyse" time="0.000" classname="Tests.TringleTest"/>
  <testcase name="testAnalyse" time="0.000" classname="Tests.TringleTest"/>
  <testcase name="testAnalyse" time="0.001" classname="Tests.TringleTest"/>
  <testcase name="testAnalyse" time="0.000" classname="Tests.TringleTest"/>
  <testcase name="testAnalyse" time="0.000" classname="Tests.TringleTest"/>
  <testcase name="testAnalyse" time="0.000" classname="Tests.TringleTest"/>
  <testcase name="testAnalyse" time="0.000" classname="Tests.TringleTest"/>
  <testcase name="testForTwoSides" time="0.000" classname="Tests.TringleTest"/>
  <testcase name="testForThreeSides" time="0.000" classname="Tests.TringleTest"/>
  <testcase name="testAnalyse" time="0.000" classname="Tests.TringleTest"/>
  <testcase name="testAnalyse" time="0.000" classname="Tests.TringleTest"/>
  <testcase name="testAnalyse" time="0.000" classname="Tests.TringleTest"/>
  <testcase name="testAnalyse" time="0.000" classname="Tests.TringleTest"/>
</testsuite> <!-- Tests.TringleTest -->
