<?xml version="1.0" encoding="UTF-8"?>
<!-- Generated by org.testng.reporters.JUnitReportReporter -->
<testsuite skipped="0" hostname="DESKTOP-UVENGDO" name="Tests.EquicruralTest" tests="3" failures="0" timestamp="24 ноя 2017 06:22:45 GMT" time="0.011" errors="0">
  <testcase name="testForTwoSides" time="0.001" classname="Tests.EquicruralTest"/>
  <testcase name="testForTwoSides" time="0.000" classname="Tests.EquicruralTest"/>
  <testcase name="testForTwoSides" time="0.010" classname="Tests.EquicruralTest"/>
</testsuite> <!-- Tests.EquicruralTest -->
