<?xml version="1.0" encoding="UTF-8"?>
<!-- Generated by org.testng.reporters.JUnitReportReporter -->
<testsuite skipped="0" hostname="DESKTOP-UVENGDO" name="Tests.EqualSidedTest" tests="1" failures="0" timestamp="24 ноя 2017 06:27:04 GMT" time="0.010" errors="0">
  <testcase name="testForThreeSides" time="0.010" classname="Tests.EqualSidedTest"/>
</testsuite> <!-- Tests.EqualSidedTest -->
