<?xml version="1.0" encoding="UTF-8"?>
<!-- Generated by org.testng.reporters.JUnitReportReporter -->
<testsuite skipped="0" hostname="DESKTOP-UVENGDO" name="Tests.ManySidedTest" tests="1" failures="0" timestamp="24 ноя 2017 06:29:35 GMT" time="0.010" errors="0">
  <testcase name="testForThreeSides" time="0.010" classname="Tests.ManySidedTest"/>
</testsuite> <!-- Tests.ManySidedTest -->
